生成启动时间为 2014/11/1 13:52:08。
     1>项目“F:\viso\home\projects\engine0\engine0.vcxproj”在节点 2 上(Build 个目标)。
     1>ClCompile:
         C:\Program Files (x86)\Microsoft Visual Studio 12.0\VC\bin\CL.exe /c /I..\..\\include\SDL /I..\..\\src\engine0\include\ /ZI /nologo /W3 /WX- /sdl /Od /Oy- /D _MBCS /Gm /EHsc /RTC1 /MDd /GS /fp:precise /Zc:wchar_t /Zc:forScope /Fo"Debug\\" /Fd"Debug\vc120.pdb" /Gd /TP /analyze- /errorReport:prompt ..\..\src\engine0\src\cliprectangle.cpp ..\..\src\engine0\src\color.cpp ..\..\src\engine0\src\defaultfont.cpp ..\..\src\engine0\src\exception.cpp ..\..\src\engine0\src\focushandler.cpp ..\..\src\engine0\src\gfont.cpp ..\..\src\engine0\src\graphics.cpp ..\..\src\engine0\src\gui.cpp ..\..\src\engine0\src\guichan.cpp ..\..\src\engine0\src\image.cpp ..\..\src\engine0\src\imagefont.cpp ..\..\src\engine0\src\key.cpp ..\..\src\engine0\src\keyinput.cpp ..\..\src\engine0\src\mouseinput.cpp ..\..\src\engine0\src\rectangle.cpp ..\..\src\engine0\src\sdl\gsdl.cpp ..\..\src\engine0\src\sdl\sdlgraphics.cpp ..\..\src\engine0\src\sdl\sdlimageloader.cpp ..\..\src\engine0\src\sdl\sdlinput.cpp ..\..\src\engine0\src\widget.cpp ..\..\src\engine0\src\widgets\button.cpp ..\..\src\engine0\src\widgets\checkbox.cpp ..\..\src\engine0\src\widgets\container.cpp ..\..\src\engine0\src\widgets\dropdown.cpp ..\..\src\engine0\src\widgets\icon.cpp ..\..\src\engine0\src\widgets\label.cpp ..\..\src\engine0\src\widgets\listbox.cpp ..\..\src\engine0\src\widgets\radiobutton.cpp ..\..\src\engine0\src\widgets\scrollarea.cpp ..\..\src\engine0\src\widgets\slider.cpp ..\..\src\engine0\src\widgets\textbox.cpp ..\..\src\engine0\src\widgets\textfield.cpp ..\..\src\engine0\src\widgets\window.cpp
         window.cpp
         textfield.cpp
     1>f:\viso\home\src\engine0\src\widgets\textfield.cpp(63): fatal error C1083: 无法打开包括文件: “util.h”: No such file or directory
         textbox.cpp
     1>f:\viso\home\src\engine0\src\widgets\textbox.cpp(67): fatal error C1083: 无法打开包括文件: “util.h”: No such file or directory
         slider.cpp
         scrollarea.cpp
         radiobutton.cpp
         listbox.cpp
     1>f:\viso\home\src\engine0\src\widgets\listbox.cpp : warning C4819: 该文件包含不能在当前代码页(936)中表示的字符。请将该文件保存为 Unicode 格式以防止数据丢失
         label.cpp
         icon.cpp
         dropdown.cpp
         container.cpp
         checkbox.cpp
         button.cpp
         widget.cpp
         sdlinput.cpp
         sdlimageloader.cpp
         sdlgraphics.cpp
     1>f:\viso\home\src\engine0\src\sdl\sdlgraphics.cpp(64): fatal error C1083: 无法打开包括文件: “stratagus.h”: No such file or directory
         gsdl.cpp
         rectangle.cpp
         mouseinput.cpp
         正在生成代码...
         正在编译...
         keyinput.cpp
         key.cpp
         imagefont.cpp
         image.cpp
         guichan.cpp
         gui.cpp
         graphics.cpp
         gfont.cpp
         focushandler.cpp
         exception.cpp
         defaultfont.cpp
         color.cpp
         cliprectangle.cpp
         正在生成代码...
     1>已完成生成项目“F:\viso\home\projects\engine0\engine0.vcxproj”(Build 个目标)的操作 - 失败。

生成失败。

已用时间 00:00:14.16
